<?xml version="1.0" encoding="UTF-8"?>
<!-- Generated by org.testng.reporters.JUnitReportReporter -->
<testsuite hostname="KAN-DEVLAP118" failures="0" tests="1" name="testCases.TC001_RegisterTest" time="13.847" errors="0" timestamp="2025-02-11T16:39:16 IST" skipped="0">
  <testcase classname="testCases.TC001_RegisterTest" name="testRegisterButton" time="13.847"/>
</testsuite> <!-- testCases.TC001_RegisterTest -->
